This is pdfTeX, Version 3.1415926-1.40.10 (TeX Live 2009/Debian) (format=pdflatex 2011.9.6)  6 SEP 2011 21:35
entering extended mode
 %&-line parsing enabled.
**contact.tex
(./contact.tex
LaTeX2e <2009/09/24>
Babel <v3.8l> and hyphenation patterns for english, usenglishmax, dumylang, noh
yphenation, loaded.
(/usr/share/texmf-texlive/tex/latex/base/article.cls
Document Class: article 2007/10/19 v1.4h Standard LaTeX document class
(/usr/share/texmf-texlive/tex/latex/base/size10.clo
File: size10.clo 2007/10/19 v1.4h Standard LaTeX file (size option)
)
\c@part=\count79
\c@section=\count80
\c@subsection=\count81
\c@subsubsection=\count82
\c@paragraph=\count83
\c@subparagraph=\count84
\c@figure=\count85
\c@table=\count86
\abovecaptionskip=\skip41
\belowcaptionskip=\skip42
\bibindent=\dimen102
) (./contact.aux)
\openout1 = `contact.aux'.

LaTeX Font Info:    Checking defaults for OML/cmm/m/it on input line 2.
LaTeX Font Info:    ... okay on input line 2.
LaTeX Font Info:    Checking defaults for T1/cmr/m/n on input line 2.
LaTeX Font Info:    ... okay on input line 2.
LaTeX Font Info:    Checking defaults for OT1/cmr/m/n on input line 2.
LaTeX Font Info:    ... okay on input line 2.
LaTeX Font Info:    Checking defaults for OMS/cmsy/m/n on input line 2.
LaTeX Font Info:    ... okay on input line 2.
LaTeX Font Info:    Checking defaults for OMX/cmex/m/n on input line 2.
LaTeX Font Info:    ... okay on input line 2.
LaTeX Font Info:    Checking defaults for U/cmr/m/n on input line 2.
LaTeX Font Info:    ... okay on input line 2.
LaTeX Font Info:    Try loading font information for OMS+cmr on input line 5.

(/usr/share/texmf-texlive/tex/latex/base/omscmr.fd
File: omscmr.fd 1999/05/25 v2.5h Standard LaTeX font definitions
)
LaTeX Font Info:    Font shape `OMS/cmr/m/n' in size <10> not available
(Font)              Font shape `OMS/cmsy/m/n' tried instead on input line 5.
 [1

{/var/lib/texmf/fonts/map/pdftex/updmap/pdftex.map}] (./contact.aux) ) 
Here is how much of TeX's memory you used:
 225 strings out of 495061
 2487 string characters out of 1182622
 48022 words of memory out of 3000000
 3482 multiletter control sequences out of 15000+50000
 4553 words of font info for 17 fonts, out of 3000000 for 9000
 28 hyphenation exceptions out of 8191
 23i,4n,19p,154b,171s stack positions out of 5000i,500n,10000p,200000b,50000s
</usr/sha
re/texmf-texlive/fonts/type1/public/amsfonts/cm/cmbx10.pfb></usr/share/texmf-te
xlive/fonts/type1/public/amsfonts/cm/cmbx12.pfb></usr/share/texmf-texlive/fonts
/type1/public/amsfonts/cm/cmr10.pfb></usr/share/texmf-texlive/fonts/type1/publi
c/amsfonts/cm/cmsy10.pfb>
Output written on contact.pdf (1 page, 44084 bytes).
PDF statistics:
 22 PDF objects out of 1000 (max. 8388607)
 0 named destinations out of 1000 (max. 500000)
 1 words of extra memory for PDF output out of 10000 (max. 10000000)

