\BOOKMARK [1][-]{section.1}{INTRODUCTION}{}
\BOOKMARK [2][-]{subsection.1.1}{IDENTIFICATION}{section.1}
\BOOKMARK [2][-]{subsection.1.2}{DOCUMENT PURPOSE, SCOPE, AND INTENDED AUDIENCE}{section.1}
\BOOKMARK [3][-]{subsubsection.1.2.1}{Document Purpose}{subsection.1.2}
\BOOKMARK [3][-]{subsubsection.1.2.2}{Document Scope and/or Context}{subsection.1.2}
\BOOKMARK [3][-]{subsubsection.1.2.3}{Intended Audience for Document}{subsection.1.2}
\BOOKMARK [2][-]{subsection.1.3}{SYSTEM AND SOFTWARE PURPOSE, SCOPE, AND INTENDED USERS}{section.1}
\BOOKMARK [3][-]{subsubsection.1.3.1}{System and Software Purpose}{subsection.1.3}
\BOOKMARK [3][-]{subsubsection.1.3.2}{System and Software Scope/or Context}{subsection.1.3}
\BOOKMARK [3][-]{subsubsection.1.3.3}{Intended Users for the System and Software}{subsection.1.3}
\BOOKMARK [2][-]{subsection.1.4}{DEFINITIONS, ACRONYMS, AND ABBREVIATIONS}{section.1}
\BOOKMARK [2][-]{subsection.1.5}{DOCUMENT REFERENCES}{section.1}
\BOOKMARK [2][-]{subsection.1.6}{DOCUMENT OVERVIEW}{section.1}
\BOOKMARK [2][-]{subsection.1.7}{DOCUMENT RESTRICTIONS}{section.1}
\BOOKMARK [1][-]{section.2}{CONSTRAINTS and stakeholder concerns}{}
\BOOKMARK [2][-]{subsection.2.1}{CONSTRAINTS}{section.2}
\BOOKMARK [3][-]{subsubsection.2.1.1}{Environmental constraints.}{subsection.2.1}
\BOOKMARK [3][-]{subsubsection.2.1.2}{System requirement constraints.}{subsection.2.1}
\BOOKMARK [3][-]{subsubsection.2.1.3}{User characteristic constraints.}{subsection.2.1}
\BOOKMARK [2][-]{subsection.2.2}{STAKEHOLDER CONCERNS}{section.2}
\BOOKMARK [1][-]{section.3}{SYSTEM AND SOFTWARE ARCHITECTURE}{}
\BOOKMARK [2][-]{subsection.3.1}{DEVELOPER\220S ARCHITECTURAL VIEW}{section.3}
\BOOKMARK [2][-]{subsection.3.2}{USER\220S ARCHITECTURAL VIEW}{section.3}
\BOOKMARK [3][-]{subsubsection.3.2.1}{User\220s View Identification}{subsection.3.2}
\BOOKMARK [3][-]{subsubsection.3.2.2}{User\220s View Representation and Description }{subsection.3.2}
\BOOKMARK [2][-]{subsection.3.3}{Developer\220s View Identification}{section.3}
\BOOKMARK [3][-]{subsubsection.3.3.1}{Developer\220s View Representation and Description }{subsection.3.3}
\BOOKMARK [3][-]{subsubsection.3.3.2}{Developer\220s Architectural Rationale}{subsection.3.3}
\BOOKMARK [2][-]{subsection.3.4}{ [ insert name of viewpoint ] ARCHITECTURAL VIEW}{section.3}
\BOOKMARK [3][-]{subsubsection.3.4.1}{[ insert name of viewpoint ]\220s View Identification}{subsection.3.4}
\BOOKMARK [3][-]{subsubsection.3.4.2}{[ insert name of viewpoint ]\220s View Representation and Description }{subsection.3.4}
\BOOKMARK [2][-]{subsection.3.5}{CONSISTENCY OF ARCHITECTURAL VIEWS}{section.3}
\BOOKMARK [3][-]{subsubsection.3.5.1}{Detail of Inconsistencies between Architectural Views}{subsection.3.5}
\BOOKMARK [3][-]{subsubsection.3.5.2}{Consistency Analysis and Inconsistency Mitigations}{subsection.3.5}
\BOOKMARK [1][-]{section.4}{SOFTWARE DETAILED DESIGN}{}
\BOOKMARK [2][-]{subsection.4.1}{ DEVELOPER\220S VIEWPOINT DETAILED SOFTWARE DESIGN}{section.4}
\BOOKMARK [2][-]{subsection.4.2}{COMPONENT/ENTITY DICTIONARY}{section.4}
\BOOKMARK [2][-]{subsection.4.3}{COMPONENT/ENTITY DETAILED DESIGN}{section.4}
\BOOKMARK [3][-]{subsubsection.4.3.1}{Detailed Design for Component/Entity: [ insert Component/Entity name here ]}{subsection.4.3}
\BOOKMARK [4][-]{paragraph.4.3.1.1}{ Introduction/Purpose of this Component/Entity}{subsubsection.4.3.1}
\BOOKMARK [4][-]{paragraph.4.3.1.2}{Input for this Component/Entity}{subsubsection.4.3.1}
\BOOKMARK [4][-]{paragraph.4.3.1.3}{Output for this Component/Entity}{subsubsection.4.3.1}
\BOOKMARK [4][-]{paragraph.4.3.1.4}{Component/Entity Process to Convert Input to Output}{subsubsection.4.3.1}
\BOOKMARK [4][-]{paragraph.4.3.1.5}{Design constraints and performance requirements of this Component/Entity}{subsubsection.4.3.1}
\BOOKMARK [3][-]{subsubsection.4.3.2}{Detailed Design for Component/Entity: [ insert Component/Entity name here ]}{subsection.4.3}
\BOOKMARK [4][-]{paragraph.4.3.2.1}{ Introduction/Purpose of this Component/Entity}{subsubsection.4.3.2}
\BOOKMARK [4][-]{paragraph.4.3.2.2}{Input for this Component/Entity}{subsubsection.4.3.2}
\BOOKMARK [4][-]{paragraph.4.3.2.3}{Output for this Component/Entity}{subsubsection.4.3.2}
\BOOKMARK [4][-]{paragraph.4.3.2.4}{Component/Entity Process to Convert Input to Output}{subsubsection.4.3.2}
\BOOKMARK [4][-]{paragraph.4.3.2.5}{Design constraints and performance requirements of this Component/Entity}{subsubsection.4.3.2}
\BOOKMARK [3][-]{subsubsection.4.3.3}{Detailed Design for Component/Entity: [ insert Component/Entity name here ]}{subsection.4.3}
\BOOKMARK [4][-]{paragraph.4.3.3.1}{ Introduction/Purpose of this Component/Entity}{subsubsection.4.3.3}
\BOOKMARK [4][-]{paragraph.4.3.3.2}{Input for this Component/Entity}{subsubsection.4.3.3}
\BOOKMARK [4][-]{paragraph.4.3.3.3}{Output for this Component/Entity}{subsubsection.4.3.3}
\BOOKMARK [4][-]{paragraph.4.3.3.4}{Component/Entity Process to Convert Input to Output}{subsubsection.4.3.3}
\BOOKMARK [4][-]{paragraph.4.3.3.5}{Design constraints and performance requirements of this Component/Entity}{subsubsection.4.3.3}
\BOOKMARK [5][-]{subparagraph.4.3.3.5.1}{\203}{paragraph.4.3.3.5}
\BOOKMARK [3][-]{subsubsection.4.3.4}{Detailed Design for Component/Entity: [ insert Component/Entity name here ]}{subsection.4.3}
\BOOKMARK [4][-]{paragraph.4.3.4.1}{ Introduction/Purpose of this Component/Entity}{subsubsection.4.3.4}
\BOOKMARK [4][-]{paragraph.4.3.4.2}{Input for this Component/Entity}{subsubsection.4.3.4}
\BOOKMARK [4][-]{paragraph.4.3.4.3}{Output for this Component/Entity}{subsubsection.4.3.4}
\BOOKMARK [4][-]{paragraph.4.3.4.4}{Component/Entity Process to Convert Input to Output}{subsubsection.4.3.4}
\BOOKMARK [4][-]{paragraph.4.3.4.5}{Design constraints and performance requirements of this Component/Entity}{subsubsection.4.3.4}
\BOOKMARK [2][-]{subsection.4.4}{DATA DICTIONARY}{section.4}
\BOOKMARK [1][-]{section.5}{REQUIREMENTS TRACEABILITY}{}
\BOOKMARK [1][-]{section.6}{APPENDIX A. \040[insert name here]}{}
\BOOKMARK [1][-]{section.7}{APPENDIX B. \040[insert name here]}{}
